This is pdfTeX, Version 3.14159265-2.6-1.40.15 (TeX Live 2014) (preloaded format=pdflatex 2019.1.12)  12 MAR 2019 15:30
entering extended mode
 restricted \write18 enabled.
 file:line:error style messages enabled.
 %&-line parsing enabled.
**informePE.tex
(./informePE.tex
LaTeX2e <2014/05/01>
Babel <3.9k> and hyphenation patterns for 78 languages loaded.
(/usr/local/texlive/2014/texmf-dist/tex/latex/base/article.cls
Document Class: article 2007/10/19 v1.4h Standard LaTeX document class
(/usr/local/texlive/2014/texmf-dist/tex/latex/base/size10.clo
File: size10.clo 2007/10/19 v1.4h Standard LaTeX file (size option)
)
\c@part=\count79
\c@section=\count80
\c@subsection=\count81
\c@subsubsection=\count82
\c@paragraph=\count83
\c@subparagraph=\count84
\c@figure=\count85
\c@table=\count86
\abovecaptionskip=\skip41
\belowcaptionskip=\skip42
\bibindent=\dimen102
)
(/usr/local/texlive/2014/texmf-dist/tex/latex/blindtext/blindtext.sty
Package: blindtext 2012/01/06 V2.0 blindtext-Package

(/usr/local/texlive/2014/texmf-dist/tex/latex/tools/xspace.sty
Package: xspace 2009/10/20 v1.13 Space after command names (DPC,MH)
)
\c@blindtext=\count87
\c@Blindtext=\count88
\c@blind@countparstart=\count89
\blind@countxx=\count90
\blindtext@numBlindtext=\count91
\blind@countyy=\count92
\c@blindlist=\count93
\c@blindlistlevel=\count94
\c@blindlist@level=\count95
\blind@listitem=\count96
\c@blind@listcount=\count97
\c@blind@levelcount=\count98
\blind@mathformula=\count99
\blind@Mathformula=\count100
\c@blind@randomcount=\count101
\c@blind@randommax=\count102
\c@blind@pangramcount=\count103
\c@blind@pangrammax=\count104
)
(/usr/local/texlive/2014/texmf-dist/tex/latex/mhchem/mhchem.sty
Package: mhchem 2014/03/27 v3.17 for typesetting chemical formulae

(/usr/local/texlive/2014/texmf-dist/tex/latex/base/ifthen.sty
Package: ifthen 2001/05/26 v1.1c Standard LaTeX ifthen package (DPC)
)
(/usr/local/texlive/2014/texmf-dist/tex/latex/tools/calc.sty
Package: calc 2007/08/22 v4.3 Infix arithmetic (KKT,FJ)
\calc@Acount=\count105
\calc@Bcount=\count106
\calc@Adimen=\dimen103
\calc@Bdimen=\dimen104
\calc@Askip=\skip43
\calc@Bskip=\skip44
LaTeX Info: Redefining \setlength on input line 75.
LaTeX Info: Redefining \addtolength on input line 76.
\calc@Ccount=\count107
\calc@Cskip=\skip45
)
(/usr/local/texlive/2014/texmf-dist/tex/latex/oberdiek/twoopt.sty
Package: twoopt 2008/08/11 v1.5 Definitions with two optional arguments (HO)
)
(/usr/local/texlive/2014/texmf-dist/tex/latex/amsmath/amsmath.sty
Package: amsmath 2013/01/14 v2.14 AMS math features
\@mathmargin=\skip46

For additional information on amsmath, use the `?' option.
(/usr/local/texlive/2014/texmf-dist/tex/latex/amsmath/amstext.sty
Package: amstext 2000/06/29 v2.01

(/usr/local/texlive/2014/texmf-dist/tex/latex/amsmath/amsgen.sty
File: amsgen.sty 1999/11/30 v2.0
\@emptytoks=\toks14
\ex@=\dimen105
))
(/usr/local/texlive/2014/texmf-dist/tex/latex/amsmath/amsbsy.sty
Package: amsbsy 1999/11/29 v1.2d
\pmbraise@=\dimen106
)
(/usr/local/texlive/2014/texmf-dist/tex/latex/amsmath/amsopn.sty
Package: amsopn 1999/12/14 v2.01 operator names
)
\inf@bad=\count108
LaTeX Info: Redefining \frac on input line 210.
\uproot@=\count109
\leftroot@=\count110
LaTeX Info: Redefining \overline on input line 306.
\classnum@=\count111
\DOTSCASE@=\count112
LaTeX Info: Redefining \ldots on input line 378.
LaTeX Info: Redefining \dots on input line 381.
LaTeX Info: Redefining \cdots on input line 466.
\Mathstrutbox@=\box26
\strutbox@=\box27
\big@size=\dimen107
LaTeX Font Info:    Redeclaring font encoding OML on input line 566.
LaTeX Font Info:    Redeclaring font encoding OMS on input line 567.
\macc@depth=\count113
\c@MaxMatrixCols=\count114
\dotsspace@=\muskip10
\c@parentequation=\count115
\dspbrk@lvl=\count116
\tag@help=\toks15
\row@=\count117
\column@=\count118
\maxfields@=\count119
\andhelp@=\toks16
\eqnshift@=\dimen108
\alignsep@=\dimen109
\tagshift@=\dimen110
\tagwidth@=\dimen111
\totwidth@=\dimen112
\lineht@=\dimen113
\@envbody=\toks17
\multlinegap=\skip47
\multlinetaggap=\skip48
\mathdisplay@stack=\toks18
LaTeX Info: Redefining \[ on input line 2665.
LaTeX Info: Redefining \] on input line 2666.
)
(/usr/local/texlive/2014/texmf-dist/tex/latex/graphics/keyval.sty
Package: keyval 2014/05/08 v1.15 key=value parser (DPC)
\KV@toks@=\toks19
)
(/usr/local/texlive/2014/texmf-dist/tex/latex/graphics/graphics.sty
Package: graphics 2009/02/05 v1.0o Standard LaTeX Graphics (DPC,SPQR)

(/usr/local/texlive/2014/texmf-dist/tex/latex/graphics/trig.sty
Package: trig 1999/03/16 v1.09 sin cos tan (DPC)
)
(/usr/local/texlive/2014/texmf-dist/tex/latex/latexconfig/graphics.cfg
File: graphics.cfg 2010/04/23 v1.9 graphics configuration of TeX Live
)
Package graphics Info: Driver file: pdftex.def on input line 91.

(/usr/local/texlive/2014/texmf-dist/tex/latex/pdftex-def/pdftex.def
File: pdftex.def 2011/05/27 v0.06d Graphics/color for pdfTeX

(/usr/local/texlive/2014/texmf-dist/tex/generic/oberdiek/infwarerr.sty
Package: infwarerr 2010/04/08 v1.3 Providing info/warning/error messages (HO)
)
(/usr/local/texlive/2014/texmf-dist/tex/generic/oberdiek/ltxcmds.sty
Package: ltxcmds 2011/11/09 v1.22 LaTeX kernel commands for general use (HO)
)
\Gread@gobject=\count120
))
(/usr/local/texlive/2014/texmf-dist/tex/generic/oberdiek/pdftexcmds.sty
Package: pdftexcmds 2011/11/29 v0.20 Utility functions of pdfTeX for LuaTeX (HO
)

(/usr/local/texlive/2014/texmf-dist/tex/generic/oberdiek/ifluatex.sty
Package: ifluatex 2010/03/01 v1.3 Provides the ifluatex switch (HO)
Package ifluatex Info: LuaTeX not detected.
)
(/usr/local/texlive/2014/texmf-dist/tex/generic/oberdiek/ifpdf.sty
Package: ifpdf 2011/01/30 v2.3 Provides the ifpdf switch (HO)
Package ifpdf Info: pdfTeX in PDF mode is detected.
)
Package pdftexcmds Info: LuaTeX not detected.
Package pdftexcmds Info: \pdf@primitive is available.
Package pdftexcmds Info: \pdf@ifprimitive is available.
Package pdftexcmds Info: \pdfdraftmode found.
)
(/usr/local/texlive/2014/texmf-dist/tex/latex/l3kernel/expl3.sty
Package: expl3 2014/05/20 v4814 L3 programming layer (loader) 

(/usr/local/texlive/2014/texmf-dist/tex/latex/l3kernel/expl3-code.tex
Package: expl3 2014/05/20 v4814 L3 programming layer (code) 
L3 Module: l3bootstrap 2014/05/16 v4782 L3 Bootstrap code

(/usr/local/texlive/2014/texmf-dist/tex/latex/etex-pkg/etex.sty
Package: etex 1998/03/26 v2.0 eTeX basic definition package (PEB)
\et@xins=\count121
)
L3 Module: l3names 2014/05/04 v4728 L3 Namespace for primitives
L3 Module: l3basics 2014/05/04 v4728 L3 Basic definitions
L3 Module: l3expan 2014/04/30 v4712 L3 Argument expansion
L3 Module: l3tl 2014/05/04 v4728 L3 Token lists
L3 Module: l3seq 2014/04/30 v4712 L3 Sequences and stacks
L3 Module: l3int 2014/05/16 v4776 L3 Integers
\c_max_int=\count122
\l_tmpa_int=\count123
\l_tmpb_int=\count124
\g_tmpa_int=\count125
\g_tmpb_int=\count126
L3 Module: l3quark 2014/05/04 v4728 L3 Quarks
L3 Module: l3prg 2014/05/04 v4728 L3 Control structures
\g__prg_map_int=\count127
L3 Module: l3clist 2014/05/04 v4728 L3 Comma separated lists
L3 Module: l3token 2014/05/04 v4728 L3 Experimental token manipulation
L3 Module: l3prop 2014/04/30 v4712 L3 Property lists
L3 Module: l3msg 2014/05/04 v4728 L3 Messages
L3 Module: l3file 2014/05/05 v4737 L3 File and I/O operations
\l_iow_line_count_int=\count128
\l__iow_target_count_int=\count129
\l__iow_current_line_int=\count130
\l__iow_current_word_int=\count131
\l__iow_current_indentation_int=\count132
L3 Module: l3skip 2014/05/05 v4738 L3 Dimensions and skips
\c_zero_dim=\dimen114
\c_max_dim=\dimen115
\l_tmpa_dim=\dimen116
\l_tmpb_dim=\dimen117
\g_tmpa_dim=\dimen118
\g_tmpb_dim=\dimen119
\c_zero_skip=\skip49
\c_max_skip=\skip50
\l_tmpa_skip=\skip51
\l_tmpb_skip=\skip52
\g_tmpa_skip=\skip53
\g_tmpb_skip=\skip54
\c_zero_muskip=\muskip11
\c_max_muskip=\muskip12
\l_tmpa_muskip=\muskip13
\l_tmpb_muskip=\muskip14
\g_tmpa_muskip=\muskip15
\g_tmpb_muskip=\muskip16
L3 Module: l3keys 2014/05/08 v4753 L3 Key-value interfaces
\g__keyval_level_int=\count133
\l_keys_choice_int=\count134
L3 Module: l3fp 2014/04/30 v4712 L3 Floating points
\c__fp_leading_shift_int=\count135
\c__fp_middle_shift_int=\count136
\c__fp_trailing_shift_int=\count137
\c__fp_big_leading_shift_int=\count138
\c__fp_big_middle_shift_int=\count139
\c__fp_big_trailing_shift_int=\count140
\c__fp_Bigg_leading_shift_int=\count141
\c__fp_Bigg_middle_shift_int=\count142
\c__fp_Bigg_trailing_shift_int=\count143
L3 Module: l3box 2014/05/04 v4728 L3 Experimental boxes
\c_empty_box=\box28
\l_tmpa_box=\box29
\l_tmpb_box=\box30
\g_tmpa_box=\box31
\g_tmpb_box=\box32
L3 Module: l3coffins 2014/05/04 v4728 L3 Coffin code layer
\l__coffin_internal_box=\box33
\l__coffin_internal_dim=\dimen120
\l__coffin_offset_x_dim=\dimen121
\l__coffin_offset_y_dim=\dimen122
\l__coffin_x_dim=\dimen123
\l__coffin_y_dim=\dimen124
\l__coffin_x_prime_dim=\dimen125
\l__coffin_y_prime_dim=\dimen126
\c_empty_coffin=\box34
\l__coffin_aligned_coffin=\box35
\l__coffin_aligned_internal_coffin=\box36
\l_tmpa_coffin=\box37
\l_tmpb_coffin=\box38
\l__coffin_display_coffin=\box39
\l__coffin_display_coord_coffin=\box40
\l__coffin_display_pole_coffin=\box41
\l__coffin_display_offset_dim=\dimen127
\l__coffin_display_x_dim=\dimen128
\l__coffin_display_y_dim=\dimen129
L3 Module: l3color 2014/04/30 v4712 L3 Experimental color support
L3 Module: l3luatex 2014/04/30 v4712 L3 Experimental LuaTeX-specific functions
\g__cctab_allocate_int=\count144
\g__cctab_stack_int=\count145
L3 Module: l3candidates 2014/05/04 v4734 L3 Experimental additions to l3kernel
\l__box_top_dim=\dimen130
\l__box_bottom_dim=\dimen131
\l__box_left_dim=\dimen132
\l__box_right_dim=\dimen133
\l__box_top_new_dim=\dimen134
\l__box_bottom_new_dim=\dimen135
\l__box_left_new_dim=\dimen136
\l__box_right_new_dim=\dimen137
\l__box_internal_box=\box42
\l__coffin_bounding_shift_dim=\dimen138
\l__coffin_left_corner_dim=\dimen139
\l__coffin_right_corner_dim=\dimen140
\l__coffin_bottom_corner_dim=\dimen141
\l__coffin_top_corner_dim=\dimen142
\l__coffin_scaled_total_height_dim=\dimen143
\l__coffin_scaled_width_dim=\dimen144
))
\mhchem@ce@result=\toks20
\mhchem@ce@part=\toks21
\mhchem@arrow@deployType=\toks22
\mhchem@arrow@params=\toks23
\mhchem@arrowlength@pgf=\skip55
\mhchem@bondwidth=\skip56
\mhchem@bondheight=\skip57
\mhchem@smallbondwidth@tmpA=\skip58
\mhchem@smallbondwidth@tmpB=\skip59
\mhchem@smallbondwidth=\skip60
\__mhchem_option_version_int=\count146
\mhchem@prepostscript@tmp@i=\skip61
\mhchem@prepostscript@tmp@ii=\skip62
\mhchem@mathbox@tmp@i=\skip63
\mhchem@mathbox@tmp@ii=\skip64
\mhchem@minispace@tmp=\skip65
\mhchem@option@minussidebearingleft=\skip66
\mhchem@option@minussidebearingright=\skip67


Package mhchem Warning: You did not specify a 'version' option for the mhchem
(mhchem)                package. If you are about to create a new document,
(mhchem)                please write \usepackage[version=3]{mhchem} in your
(mhchem)                preamble in order to use the most recent version of
(mhchem)                mhchem.

) (/usr/local/texlive/2014/texmf-dist/tex/latex/was/gensymb.sty
Package: gensymb 2003/07/02 v1.0 (WaS)
)
(/usr/local/texlive/2014/texmf-dist/tex/latex/natbib/natbib.sty
Package: natbib 2010/09/13 8.31b (PWD, AO)
\bibhang=\skip68
\bibsep=\skip69
LaTeX Info: Redefining \cite on input line 694.
\c@NAT@ctr=\count147
)
(/usr/local/texlive/2014/texmf-dist/tex/latex/base/fontenc.sty
Package: fontenc 2005/09/27 v1.99g Standard LaTeX package

(/usr/local/texlive/2014/texmf-dist/tex/latex/base/t1enc.def
File: t1enc.def 2005/09/27 v1.99g Standard LaTeX file
LaTeX Font Info:    Redeclaring font encoding T1 on input line 43.
))
(/usr/local/texlive/2014/texmf-dist/tex/latex/lm/lmodern.sty
Package: lmodern 2009/10/30 v1.6 Latin Modern Fonts
LaTeX Font Info:    Overwriting symbol font `operators' in version `normal'
(Font)                  OT1/cmr/m/n --> OT1/lmr/m/n on input line 22.
LaTeX Font Info:    Overwriting symbol font `letters' in version `normal'
(Font)                  OML/cmm/m/it --> OML/lmm/m/it on input line 23.
LaTeX Font Info:    Overwriting symbol font `symbols' in version `normal'
(Font)                  OMS/cmsy/m/n --> OMS/lmsy/m/n on input line 24.
LaTeX Font Info:    Overwriting symbol font `largesymbols' in version `normal'
(Font)                  OMX/cmex/m/n --> OMX/lmex/m/n on input line 25.
LaTeX Font Info:    Overwriting symbol font `operators' in version `bold'
(Font)                  OT1/cmr/bx/n --> OT1/lmr/bx/n on input line 26.
LaTeX Font Info:    Overwriting symbol font `letters' in version `bold'
(Font)                  OML/cmm/b/it --> OML/lmm/b/it on input line 27.
LaTeX Font Info:    Overwriting symbol font `symbols' in version `bold'
(Font)                  OMS/cmsy/b/n --> OMS/lmsy/b/n on input line 28.
LaTeX Font Info:    Overwriting symbol font `largesymbols' in version `bold'
(Font)                  OMX/cmex/m/n --> OMX/lmex/m/n on input line 29.
LaTeX Font Info:    Overwriting math alphabet `\mathbf' in version `normal'
(Font)                  OT1/cmr/bx/n --> OT1/lmr/bx/n on input line 31.
LaTeX Font Info:    Overwriting math alphabet `\mathsf' in version `normal'
(Font)                  OT1/cmss/m/n --> OT1/lmss/m/n on input line 32.
LaTeX Font Info:    Overwriting math alphabet `\mathit' in version `normal'
(Font)                  OT1/cmr/m/it --> OT1/lmr/m/it on input line 33.
LaTeX Font Info:    Overwriting math alphabet `\mathtt' in version `normal'
(Font)                  OT1/cmtt/m/n --> OT1/lmtt/m/n on input line 34.
LaTeX Font Info:    Overwriting math alphabet `\mathbf' in version `bold'
(Font)                  OT1/cmr/bx/n --> OT1/lmr/bx/n on input line 35.
LaTeX Font Info:    Overwriting math alphabet `\mathsf' in version `bold'
(Font)                  OT1/cmss/bx/n --> OT1/lmss/bx/n on input line 36.
LaTeX Font Info:    Overwriting math alphabet `\mathit' in version `bold'
(Font)                  OT1/cmr/bx/it --> OT1/lmr/bx/it on input line 37.
LaTeX Font Info:    Overwriting math alphabet `\mathtt' in version `bold'
(Font)                  OT1/cmtt/m/n --> OT1/lmtt/m/n on input line 38.
)
(/usr/local/texlive/2014/texmf-dist/tex/latex/breakurl/breakurl.sty
Package: breakurl 2013/04/10 v1.40 Breakable hyperref URLs

(/usr/local/texlive/2014/texmf-dist/tex/latex/xkeyval/xkeyval.sty
Package: xkeyval 2014/05/09 v2.6d package option processing (HA)

(/usr/local/texlive/2014/texmf-dist/tex/generic/xkeyval/xkeyval.tex
\XKV@toks=\toks24
\XKV@tempa@toks=\toks25
\XKV@depth=\count148
File: xkeyval.tex 2014/05/09 v2.6d key=value parser (HA)
))

Package breakurl Warning: You are using breakurl while processing via pdflatex.

(breakurl)                \burl will be just a synonym of \url.
(breakurl)                 on input line 48.

) (/usr/local/texlive/2014/texmf-dist/tex/latex/url/url.sty
\Urlmuskip=\muskip17
Package: url 2013/09/16  ver 3.4  Verb mode for urls, etc.
)
(/usr/local/texlive/2014/texmf-dist/tex/latex/graphics/graphicx.sty
Package: graphicx 2014/04/25 v1.0g Enhanced LaTeX Graphics (DPC,SPQR)
\Gin@req@height=\dimen145
\Gin@req@width=\dimen146
)
(/usr/local/texlive/2014/texmf-dist/tex/latex/microtype/microtype.sty
Package: microtype 2013/05/23 v2.5a Micro-typographical refinements (RS)
\MT@toks=\toks26
\MT@count=\count149
LaTeX Info: Redefining \textls on input line 766.
\MT@outer@kern=\dimen147
LaTeX Info: Redefining \textmicrotypecontext on input line 1285.
\MT@listname@count=\count150

(/usr/local/texlive/2014/texmf-dist/tex/latex/microtype/microtype-pdftex.def
File: microtype-pdftex.def 2013/05/23 v2.5a Definitions specific to pdftex (RS)

LaTeX Info: Redefining \lsstyle on input line 915.
LaTeX Info: Redefining \lslig on input line 915.
\MT@outer@space=\skip70
)
Package microtype Info: Loading configuration file microtype.cfg.

(/usr/local/texlive/2014/texmf-dist/tex/latex/microtype/microtype.cfg
File: microtype.cfg 2013/05/23 v2.5a microtype main configuration file (RS)
))
(/usr/local/texlive/2014/texmf-dist/tex/generic/babel/babel.sty
Package: babel 2014/03/24 3.9k The Babel package

(/usr/local/texlive/2014/texmf-dist/tex/generic/babel-spanish/spanish.ldf
Language: spanish.ldf 2014/04/24 v5.0n Spanish support from the babel system

(/usr/local/texlive/2014/texmf-dist/tex/generic/babel/babel.def
File: babel.def 2014/03/24 3.9k Babel common definitions
\babel@savecnt=\count151
\U@D=\dimen148
)
\es@quottoks=\toks27
\es@quotdepth=\count152
Package babel Info: Making " an active character on input line 516.
Package babel Info: Making . an active character on input line 617.
Package babel Info: Making < an active character on input line 662.
Package babel Info: Making > an active character on input line 662.
))
(/usr/local/texlive/2014/texmf-dist/tex/latex/tocbibind/tocbibind.sty
Package: tocbibind 2010/10/13 v1.5k extra ToC listings
Package tocbibind Info: The document has section divisions on input line 50.


Package tocbibind Note: Using section or other style headings.

) (/usr/local/texlive/2014/texmf-dist/tex/latex/geometry/geometry.sty
Package: geometry 2010/09/12 v5.6 Page Geometry

(/usr/local/texlive/2014/texmf-dist/tex/generic/oberdiek/ifvtex.sty
Package: ifvtex 2010/03/01 v1.5 Detect VTeX and its facilities (HO)
Package ifvtex Info: VTeX not detected.
)
(/usr/local/texlive/2014/texmf-dist/tex/generic/ifxetex/ifxetex.sty
Package: ifxetex 2010/09/12 v0.6 Provides ifxetex conditional
)
\Gm@cnth=\count153
\Gm@cntv=\count154
\c@Gm@tempcnt=\count155
\Gm@bindingoffset=\dimen149
\Gm@wd@mp=\dimen150
\Gm@odd@mp=\dimen151
\Gm@even@mp=\dimen152
\Gm@layoutwidth=\dimen153
\Gm@layoutheight=\dimen154
\Gm@layouthoffset=\dimen155
\Gm@layoutvoffset=\dimen156
\Gm@dimlist=\toks28
)
(/usr/local/texlive/2014/texmf-dist/tex/latex/caption/caption.sty
Package: caption 2013/05/02 v3.3-89 Customizing captions (AR)

(/usr/local/texlive/2014/texmf-dist/tex/latex/caption/caption3.sty
Package: caption3 2013/05/02 v1.6-88 caption3 kernel (AR)
Package caption3 Info: TeX engine: e-TeX on input line 57.
\captionmargin=\dimen157
\captionmargin@=\dimen158
\captionwidth=\dimen159
\caption@tempdima=\dimen160
\caption@indent=\dimen161
\caption@parindent=\dimen162
\caption@hangindent=\dimen163
)
\c@ContinuedFloat=\count156
)
(/usr/local/texlive/2014/texmf-dist/tex/latex/placeins/placeins.sty
Package: placeins 2005/04/18  v 2.2
)
(/usr/local/texlive/2014/texmf-dist/tex/latex/float/float.sty
Package: float 2001/11/08 v1.3d Float enhancements (AL)
\c@float@type=\count157
\float@exts=\toks29
\float@box=\box43
\@float@everytoks=\toks30
\@floatcapt=\box44
)
(/usr/local/texlive/2014/texmf-dist/tex/latex/booktabs/booktabs.sty
Package: booktabs 2005/04/14 v1.61803 publication quality tables
\heavyrulewidth=\dimen164
\lightrulewidth=\dimen165
\cmidrulewidth=\dimen166
\belowrulesep=\dimen167
\belowbottomsep=\dimen168
\aboverulesep=\dimen169
\abovetopsep=\dimen170
\cmidrulesep=\dimen171
\cmidrulekern=\dimen172
\defaultaddspace=\dimen173
\@cmidla=\count158
\@cmidlb=\count159
\@aboverulesep=\dimen174
\@belowrulesep=\dimen175
\@thisruleclass=\count160
\@lastruleclass=\count161
\@thisrulewidth=\dimen176
)
(/usr/local/texlive/2014/texmf-dist/tex/latex/enumitem/enumitem.sty
Package: enumitem 2011/09/28 v3.5.2 Customized lists
\labelindent=\skip71
\enit@outerparindent=\dimen177
\enit@toks=\toks31
\enit@inbox=\box45
\enitdp@description=\count162
)
(/usr/local/texlive/2014/texmf-dist/tex/latex/abstract/abstract.sty
Package: abstract 2009/06/08 v1.2a configurable abstracts
\abstitleskip=\skip72
\absleftindent=\skip73
\absrightindent=\skip74
\absparindent=\skip75
\absparsep=\skip76
)
(/usr/local/texlive/2014/texmf-dist/tex/latex/fancyhdr/fancyhdr.sty
\fancy@headwidth=\skip77
\f@ncyO@elh=\skip78
\f@ncyO@erh=\skip79
\f@ncyO@olh=\skip80
\f@ncyO@orh=\skip81
\f@ncyO@elf=\skip82
\f@ncyO@erf=\skip83
\f@ncyO@olf=\skip84
\f@ncyO@orf=\skip85
)
(/usr/local/texlive/2014/texmf-dist/tex/latex/titling/titling.sty
Package: titling 2009/09/04 v2.1d maketitle typesetting
\thanksmarkwidth=\skip86
\thanksmargin=\skip87
\droptitle=\skip88
)
(/usr/local/texlive/2014/texmf-dist/tex/latex/hyperref/hyperref.sty
Package: hyperref 2012/11/06 v6.83m Hypertext links for LaTeX

(/usr/local/texlive/2014/texmf-dist/tex/generic/oberdiek/hobsub-hyperref.sty
Package: hobsub-hyperref 2012/05/28 v1.13 Bundle oberdiek, subset hyperref (HO)


(/usr/local/texlive/2014/texmf-dist/tex/generic/oberdiek/hobsub-generic.sty
Package: hobsub-generic 2012/05/28 v1.13 Bundle oberdiek, subset generic (HO)
Package: hobsub 2012/05/28 v1.13 Construct package bundles (HO)
Package hobsub Info: Skipping package `infwarerr' (already loaded).
Package hobsub Info: Skipping package `ltxcmds' (already loaded).
Package hobsub Info: Skipping package `ifluatex' (already loaded).
Package hobsub Info: Skipping package `ifvtex' (already loaded).
Package: intcalc 2007/09/27 v1.1 Expandable calculations with integers (HO)
Package hobsub Info: Skipping package `ifpdf' (already loaded).
Package: etexcmds 2011/02/16 v1.5 Avoid name clashes with e-TeX commands (HO)
Package etexcmds Info: Could not find \expanded.
(etexcmds)             That can mean that you are not using pdfTeX 1.50 or
(etexcmds)             that some package has redefined \expanded.
(etexcmds)             In the latter case, load this package earlier.
Package: kvsetkeys 2012/04/25 v1.16 Key value parser (HO)
Package: kvdefinekeys 2011/04/07 v1.3 Define keys (HO)
Package hobsub Info: Skipping package `pdftexcmds' (already loaded).
Package: pdfescape 2011/11/25 v1.13 Implements pdfTeX's escape features (HO)
Package: bigintcalc 2012/04/08 v1.3 Expandable calculations on big integers (HO
)
Package: bitset 2011/01/30 v1.1 Handle bit-vector datatype (HO)
Package: uniquecounter 2011/01/30 v1.2 Provide unlimited unique counter (HO)
)
Package hobsub Info: Skipping package `hobsub' (already loaded).
Package: letltxmacro 2010/09/02 v1.4 Let assignment for LaTeX macros (HO)
Package: hopatch 2012/05/28 v1.2 Wrapper for package hooks (HO)
Package: xcolor-patch 2011/01/30 xcolor patch
Package: atveryend 2011/06/30 v1.8 Hooks at the very end of document (HO)
Package atveryend Info: \enddocument detected (standard20110627).
Package: atbegshi 2011/10/05 v1.16 At begin shipout hook (HO)
Package: refcount 2011/10/16 v3.4 Data extraction from label references (HO)
Package: hycolor 2011/01/30 v1.7 Color options for hyperref/bookmark (HO)
)
(/usr/local/texlive/2014/texmf-dist/tex/latex/oberdiek/auxhook.sty
Package: auxhook 2011/03/04 v1.3 Hooks for auxiliary files (HO)
)
(/usr/local/texlive/2014/texmf-dist/tex/latex/oberdiek/kvoptions.sty
Package: kvoptions 2011/06/30 v3.11 Key value format for package options (HO)
)
\@linkdim=\dimen178
\Hy@linkcounter=\count163
\Hy@pagecounter=\count164

(/usr/local/texlive/2014/texmf-dist/tex/latex/hyperref/pd1enc.def
File: pd1enc.def 2012/11/06 v6.83m Hyperref: PDFDocEncoding definition (HO)
)
\Hy@SavedSpaceFactor=\count165

(/usr/local/texlive/2014/texmf-dist/tex/latex/latexconfig/hyperref.cfg
File: hyperref.cfg 2002/06/06 v1.2 hyperref configuration of TeXLive
)
Package hyperref Info: Hyper figures OFF on input line 4443.
Package hyperref Info: Link nesting OFF on input line 4448.
Package hyperref Info: Hyper index ON on input line 4451.
Package hyperref Info: Plain pages OFF on input line 4458.
Package hyperref Info: Backreferencing OFF on input line 4463.
Package hyperref Info: Implicit mode ON; LaTeX internals redefined.
Package hyperref Info: Bookmarks ON on input line 4688.
\c@Hy@tempcnt=\count166
LaTeX Info: Redefining \url on input line 5041.
\XeTeXLinkMargin=\dimen179
\Fld@menulength=\count167
\Field@Width=\dimen180
\Fld@charsize=\dimen181
Package hyperref Info: Hyper figures OFF on input line 6295.
Package hyperref Info: Link nesting OFF on input line 6300.
Package hyperref Info: Hyper index ON on input line 6303.
Package hyperref Info: backreferencing OFF on input line 6310.
Package hyperref Info: Link coloring OFF on input line 6315.
Package hyperref Info: Link coloring with OCG OFF on input line 6320.
Package hyperref Info: PDF/A mode OFF on input line 6325.
LaTeX Info: Redefining \ref on input line 6365.
LaTeX Info: Redefining \pageref on input line 6369.
\Hy@abspage=\count168
\c@Item=\count169
\c@Hfootnote=\count170
)

Package hyperref Message: Driver (autodetected): hpdftex.

(/usr/local/texlive/2014/texmf-dist/tex/latex/hyperref/hpdftex.def
File: hpdftex.def 2012/11/06 v6.83m Hyperref driver for pdfTeX
\Fld@listcount=\count171
\c@bookmark@seq@number=\count172

(/usr/local/texlive/2014/texmf-dist/tex/latex/oberdiek/rerunfilecheck.sty
Package: rerunfilecheck 2011/04/15 v1.7 Rerun checks for auxiliary files (HO)
Package uniquecounter Info: New unique counter `rerunfilecheck' on input line 2
82.
)
\Hy@SectionHShift=\skip89
)
(./informePE.aux
LaTeX Info: Redefining \. on input line 23.
LaTeX Info: Redefining \% on input line 23.
)
\openout1 = `informePE.aux'.

LaTeX Font Info:    Checking defaults for OML/cmm/m/it on input line 93.
LaTeX Font Info:    ... okay on input line 93.
LaTeX Font Info:    Checking defaults for T1/cmr/m/n on input line 93.
LaTeX Font Info:    ... okay on input line 93.
LaTeX Font Info:    Checking defaults for OT1/cmr/m/n on input line 93.
LaTeX Font Info:    ... okay on input line 93.
LaTeX Font Info:    Checking defaults for OMS/cmsy/m/n on input line 93.
LaTeX Font Info:    ... okay on input line 93.
LaTeX Font Info:    Checking defaults for OMX/cmex/m/n on input line 93.
LaTeX Font Info:    ... okay on input line 93.
LaTeX Font Info:    Checking defaults for U/cmr/m/n on input line 93.
LaTeX Font Info:    ... okay on input line 93.
LaTeX Font Info:    Checking defaults for PD1/pdf/m/n on input line 93.
LaTeX Font Info:    ... okay on input line 93.
LaTeX Font Info:    Try loading font information for T1+lmr on input line 93.
 (/usr/local/texlive/2014/texmf-dist/tex/latex/lm/t1lmr.fd
File: t1lmr.fd 2009/10/30 v1.6 Font defs for Latin Modern
)
(/usr/local/texlive/2014/texmf-dist/tex/context/base/supp-pdf.mkii
[Loading MPS to PDF converter (version 2006.09.02).]
\scratchcounter=\count173
\scratchdimen=\dimen182
\scratchbox=\box46
\nofMPsegments=\count174
\nofMParguments=\count175
\everyMPshowfont=\toks32
\MPscratchCnt=\count176
\MPscratchDim=\dimen183
\MPnumerator=\count177
\makeMPintoPDFobject=\count178
\everyMPtoPDFconversion=\toks33
) (/usr/local/texlive/2014/texmf-dist/tex/latex/oberdiek/epstopdf-base.sty
Package: epstopdf-base 2010/02/09 v2.5 Base part for package epstopdf

(/usr/local/texlive/2014/texmf-dist/tex/latex/oberdiek/grfext.sty
Package: grfext 2010/08/19 v1.1 Manage graphics extensions (HO)
)
Package grfext Info: Graphics extension search list:
(grfext)             [.png,.pdf,.jpg,.mps,.jpeg,.jbig2,.jb2,.PNG,.PDF,.JPG,.JPE
G,.JBIG2,.JB2,.eps]
(grfext)             \AppendGraphicsExtensions on input line 452.

(/usr/local/texlive/2014/texmf-dist/tex/latex/latexconfig/epstopdf-sys.cfg
File: epstopdf-sys.cfg 2010/07/13 v1.3 Configuration of (r)epstopdf for TeX Liv
e
))
LaTeX Info: Redefining \celsius on input line 93.
Package gensymb Info: Faking symbols for \degree and \celsius on input line 93.



Package gensymb Warning: Not defining \perthousand.

LaTeX Info: Redefining \ohm on input line 93.
Package gensymb Info: Using \Omega for \ohm on input line 93.

Package gensymb Warning: Not defining \micro.

LaTeX Info: Redefining \microtypecontext on input line 93.
Package microtype Info: Generating PDF output.
Package microtype Info: Character protrusion enabled (level 2).
Package microtype Info: Using default protrusion set `alltext'.
Package microtype Info: Automatic font expansion enabled (level 2),
(microtype)             stretch: 20, shrink: 20, step: 1, non-selected.
Package microtype Info: Using default expansion set `basictext'.
Package microtype Info: No adjustment of tracking.
Package microtype Info: No adjustment of interword spacing.
Package microtype Info: No adjustment of character kerning.
(/usr/local/texlive/2014/texmf-dist/tex/latex/microtype/mt-cmr.cfg
File: mt-cmr.cfg 2013/05/19 v2.2 microtype config. file: Computer Modern Roman 
(RS)
)
LaTeX Info: Redefining \. on input line 93.
LaTeX Info: Redefining \% on input line 93.

*geometry* driver: auto-detecting
*geometry* detected driver: pdftex
*geometry* verbose mode - [ preamble ] result:
* driver: pdftex
* paper: a4paper
* layout: <same size as paper>
* layoutoffset:(h,v)=(0.0pt,0.0pt)
* hratio: 1:1
* modes: twoside 
* h-part:(L,W,R)=(89.62709pt, 418.25368pt, 89.6271pt)
* v-part:(T,H,B)=(91.04881pt, 652.59138pt, 101.40665pt)
* \paperwidth=597.50787pt
* \paperheight=845.04684pt
* \textwidth=418.25368pt
* \textheight=652.59138pt
* \oddsidemargin=17.3571pt
* \evensidemargin=17.35712pt
* \topmargin=-18.22118pt
* \headheight=12.0pt
* \headsep=25.0pt
* \topskip=10.0pt
* \footskip=30.0pt
* \marginparwidth=48.0pt
* \marginparsep=10.0pt
* \columnsep=20.0pt
* \skip\footins=9.0pt plus 4.0pt minus 2.0pt
* \hoffset=0.0pt
* \voffset=0.0pt
* \mag=1000
* \@twocolumntrue
* \@twosidetrue
* \@mparswitchtrue
* \@reversemarginfalse
* (1in=72.27pt=25.4mm, 1cm=28.453pt)

Package caption Info: Begin \AtBeginDocument code.
Package caption Info: float package is loaded.
Package caption Info: hyperref package is loaded.
Package caption Info: End \AtBeginDocument code.
\AtBeginShipoutBox=\box47
Package hyperref Info: Link coloring OFF on input line 93.
(/usr/local/texlive/2014/texmf-dist/tex/latex/hyperref/nameref.sty
Package: nameref 2012/10/27 v2.43 Cross-referencing by name of section

(/usr/local/texlive/2014/texmf-dist/tex/generic/oberdiek/gettitlestring.sty
Package: gettitlestring 2010/12/03 v1.4 Cleanup title references (HO)
)
\c@section@level=\count179
)
LaTeX Info: Redefining \ref on input line 93.
LaTeX Info: Redefining \pageref on input line 93.
LaTeX Info: Redefining \nameref on input line 93.

(./informePE.out) (./informePE.out)
\@outlinefile=\write3
\openout3 = `informePE.out'.

LaTeX Font Info:    Try loading font information for OT1+lmr on input line 95.

(/usr/local/texlive/2014/texmf-dist/tex/latex/lm/ot1lmr.fd
File: ot1lmr.fd 2009/10/30 v1.6 Font defs for Latin Modern
)
LaTeX Font Info:    Try loading font information for OML+lmm on input line 95.

(/usr/local/texlive/2014/texmf-dist/tex/latex/lm/omllmm.fd
File: omllmm.fd 2009/10/30 v1.6 Font defs for Latin Modern
)
LaTeX Font Info:    Try loading font information for OMS+lmsy on input line 95.


(/usr/local/texlive/2014/texmf-dist/tex/latex/lm/omslmsy.fd
File: omslmsy.fd 2009/10/30 v1.6 Font defs for Latin Modern
)
LaTeX Font Info:    Try loading font information for OMX+lmex on input line 95.


(/usr/local/texlive/2014/texmf-dist/tex/latex/lm/omxlmex.fd
File: omxlmex.fd 2009/10/30 v1.6 Font defs for Latin Modern
)
LaTeX Font Info:    External font `lmex10' loaded for size
(Font)              <12> on input line 95.
LaTeX Font Info:    External font `lmex10' loaded for size
(Font)              <8> on input line 95.
LaTeX Font Info:    External font `lmex10' loaded for size
(Font)              <6> on input line 95.
Package microtype Info: Character `029' is missing
(microtype)             in font `T1/lmr/m/sc/12'.
(microtype)             Ignoring protrusion settings for this character.
LaTeX Font Info:    External font `lmex10' loaded for size
(Font)              <9> on input line 95.
LaTeX Font Info:    External font `lmex10' loaded for size
(Font)              <5> on input line 95.
Package babel Info: Redefining spanish shorthand <<
(babel)             in language  on input line 102.
Package babel Info: Redefining spanish shorthand >>
(babel)             in language  on input line 102.
Package babel Info: Redefining spanish shorthand "=
(babel)             in language  on input line 102.
Package babel Info: Redefining spanish shorthand "~
(babel)             in language  on input line 102.
Package babel Info: Redefining spanish shorthand "!
(babel)             in language  on input line 102.
Package babel Info: Redefining spanish shorthand "?
(babel)             in language  on input line 102.
Package babel Info: Redefining spanish shorthand <<
(babel)             in language  on input line 107.
Package babel Info: Redefining spanish shorthand >>
(babel)             in language  on input line 107.
Package babel Info: Redefining spanish shorthand "=
(babel)             in language  on input line 107.
Package babel Info: Redefining spanish shorthand "~
(babel)             in language  on input line 107.
Package babel Info: Redefining spanish shorthand "!
(babel)             in language  on input line 107.
Package babel Info: Redefining spanish shorthand "?
(babel)             in language  on input line 107.
LaTeX Font Info:    External font `lmex10' loaded for size
(Font)              <10> on input line 109.
LaTeX Font Info:    External font `lmex10' loaded for size
(Font)              <7> on input line 109.

Underfull \hbox (badness 10000) in paragraph at lines 109--110

 []

Package babel Info: Redefining spanish shorthand <<
(babel)             in language  on input line 128.
Package babel Info: Redefining spanish shorthand >>
(babel)             in language  on input line 128.
Package babel Info: Redefining spanish shorthand "=
(babel)             in language  on input line 128.
Package babel Info: Redefining spanish shorthand "~
(babel)             in language  on input line 128.
Package babel Info: Redefining spanish shorthand "!
(babel)             in language  on input line 128.
Package babel Info: Redefining spanish shorthand "?
(babel)             in language  on input line 128.
<peltier.jpg, id=44, 230.3004pt x 91.0602pt>
File: peltier.jpg Graphic file (type jpg)
 <use peltier.jpg>
Package pdftex.def Info: peltier.jpg used on input line 141.
(pdftex.def)             Requested size: 199.12683pt x 78.73402pt.

Underfull \vbox (badness 10000) has occurred while \output is active []

Package babel Info: Redefining spanish shorthand <<
(babel)             in language  on input line 145.
Package babel Info: Redefining spanish shorthand >>
(babel)             in language  on input line 145.
Package babel Info: Redefining spanish shorthand "=
(babel)             in language  on input line 145.
Package babel Info: Redefining spanish shorthand "~
(babel)             in language  on input line 145.
Package babel Info: Redefining spanish shorthand "!
(babel)             in language  on input line 145.
Package babel Info: Redefining spanish shorthand "?
(babel)             in language  on input line 145.
Package babel Info: Redefining spanish shorthand <<
(babel)             in language  on input line 145.
Package babel Info: Redefining spanish shorthand >>
(babel)             in language  on input line 145.
Package babel Info: Redefining spanish shorthand "=
(babel)             in language  on input line 145.
Package babel Info: Redefining spanish shorthand "~
(babel)             in language  on input line 145.
Package babel Info: Redefining spanish shorthand "!
(babel)             in language  on input line 145.
Package babel Info: Redefining spanish shorthand "?
(babel)             in language  on input line 145.
 [1{/usr/local/texlive/2014/texmf-var/fonts/map/pdftex/updmap/pdftex.map}


]
Package babel Info: Redefining spanish shorthand <<
(babel)             in language  on input line 146.
Package babel Info: Redefining spanish shorthand >>
(babel)             in language  on input line 146.
Package babel Info: Redefining spanish shorthand "=
(babel)             in language  on input line 146.
Package babel Info: Redefining spanish shorthand "~
(babel)             in language  on input line 146.
Package babel Info: Redefining spanish shorthand "!
(babel)             in language  on input line 146.
Package babel Info: Redefining spanish shorthand "?
(babel)             in language  on input line 146.

Underfull \hbox (badness 10000) in paragraph at lines 148--149

 []


Underfull \hbox (badness 10000) in paragraph at lines 158--159

 []

Package babel Info: Redefining spanish shorthand <<
(babel)             in language  on input line 171.
Package babel Info: Redefining spanish shorthand >>
(babel)             in language  on input line 171.
Package babel Info: Redefining spanish shorthand "=
(babel)             in language  on input line 171.
Package babel Info: Redefining spanish shorthand "~
(babel)             in language  on input line 171.
Package babel Info: Redefining spanish shorthand "!
(babel)             in language  on input line 171.
Package babel Info: Redefining spanish shorthand "?
(babel)             in language  on input line 171.
<celda.jpg, id=65, 947.2188pt x 612.8496pt>
File: celda.jpg Graphic file (type jpg)
 <use celda.jpg>
Package pdftex.def Info: celda.jpg used on input line 176.
(pdftex.def)             Requested size: 199.12683pt x 128.83313pt.
Package babel Info: Redefining spanish shorthand <<
(babel)             in language  on input line 212.
Package babel Info: Redefining spanish shorthand >>
(babel)             in language  on input line 212.
Package babel Info: Redefining spanish shorthand "=
(babel)             in language  on input line 212.
Package babel Info: Redefining spanish shorthand "~
(babel)             in language  on input line 212.
Package babel Info: Redefining spanish shorthand "!
(babel)             in language  on input line 212.
Package babel Info: Redefining spanish shorthand "?
(babel)             in language  on input line 212.
Package babel Info: Redefining spanish shorthand <<
(babel)             in language  on input line 212.
Package babel Info: Redefining spanish shorthand >>
(babel)             in language  on input line 212.
Package babel Info: Redefining spanish shorthand "=
(babel)             in language  on input line 212.
Package babel Info: Redefining spanish shorthand "~
(babel)             in language  on input line 212.
Package babel Info: Redefining spanish shorthand "!
(babel)             in language  on input line 212.
Package babel Info: Redefining spanish shorthand "?
(babel)             in language  on input line 212.
 [2 <./peltier.jpg> <./celda.jpg>]
Underfull \hbox (badness 4621) in paragraph at lines 217--217
[]\T1/lmr/bx/n/14.4 Dispositivo ex-pe-ri-men-
 []

Package babel Info: Redefining spanish shorthand <<
(babel)             in language  on input line 217.
Package babel Info: Redefining spanish shorthand >>
(babel)             in language  on input line 217.
Package babel Info: Redefining spanish shorthand "=
(babel)             in language  on input line 217.
Package babel Info: Redefining spanish shorthand "~
(babel)             in language  on input line 217.
Package babel Info: Redefining spanish shorthand "!
(babel)             in language  on input line 217.
Package babel Info: Redefining spanish shorthand "?
(babel)             in language  on input line 217.

Underfull \hbox (badness 1888) in paragraph at lines 225--226
[]\T1/lmr/m/n/10 (+20) Generador de co-rrien-te con-ti-nua LG
 []


Underfull \hbox (badness 10000) in paragraph at lines 227--228
[]\T1/lmr/m/n/10 (+20) Cables Banana-Banana y Banana-
 []

<dispexp.jpg, id=83, 702.625pt x 602.25pt>
File: dispexp.jpg Graphic file (type jpg)
 <use dispexp.jpg>
Package pdftex.def Info: dispexp.jpg used on input line 236.
(pdftex.def)             Requested size: 199.12683pt x 170.67812pt.

Underfull \vbox (badness 5771) has occurred while \output is active []



LaTeX Warning: Command \' invalid in math mode on input line 241.

File: dispexp.jpg Graphic file (type jpg)
<use dispexp.jpg>
Package pdftex.def Info: dispexp.jpg used on input line 246.
(pdftex.def)             Requested size: 199.12683pt x 170.67812pt.

Underfull \vbox (badness 10000) has occurred while \output is active []

Package babel Info: Redefining spanish shorthand <<
(babel)             in language  on input line 250.
Package babel Info: Redefining spanish shorthand >>
(babel)             in language  on input line 250.
Package babel Info: Redefining spanish shorthand "=
(babel)             in language  on input line 250.
Package babel Info: Redefining spanish shorthand "~
(babel)             in language  on input line 250.
Package babel Info: Redefining spanish shorthand "!
(babel)             in language  on input line 250.
Package babel Info: Redefining spanish shorthand "?
(babel)             in language  on input line 250.
Package babel Info: Redefining spanish shorthand <<
(babel)             in language  on input line 250.
Package babel Info: Redefining spanish shorthand >>
(babel)             in language  on input line 250.
Package babel Info: Redefining spanish shorthand "=
(babel)             in language  on input line 250.
Package babel Info: Redefining spanish shorthand "~
(babel)             in language  on input line 250.
Package babel Info: Redefining spanish shorthand "!
(babel)             in language  on input line 250.
Package babel Info: Redefining spanish shorthand "?
(babel)             in language  on input line 250.
 [3 <./dispexp.jpg>]
Package babel Info: Redefining spanish shorthand <<
(babel)             in language  on input line 253.
Package babel Info: Redefining spanish shorthand >>
(babel)             in language  on input line 253.
Package babel Info: Redefining spanish shorthand "=
(babel)             in language  on input line 253.
Package babel Info: Redefining spanish shorthand "~
(babel)             in language  on input line 253.
Package babel Info: Redefining spanish shorthand "!
(babel)             in language  on input line 253.
Package babel Info: Redefining spanish shorthand "?
(babel)             in language  on input line 253.
File: peltier.jpg Graphic file (type jpg)
 <use peltier.jpg>
Package pdftex.def Info: peltier.jpg used on input line 258.
(pdftex.def)             Requested size: 199.12683pt x 78.73402pt.

Underfull \hbox (badness 10000) in paragraph at lines 263--264

 []


Underfull \hbox (badness 10000) in paragraph at lines 266--267

 []

File: peltier.jpg Graphic file (type jpg)
<use peltier.jpg>
Package pdftex.def Info: peltier.jpg used on input line 274.
(pdftex.def)             Requested size: 199.12683pt x 78.73402pt.
File: peltier.jpg Graphic file (type jpg)
 <use peltier.jpg>
Package pdftex.def Info: peltier.jpg used on input line 284.
(pdftex.def)             Requested size: 199.12683pt x 78.73402pt.

Underfull \vbox (badness 10000) has occurred while \output is active []

Package babel Info: Redefining spanish shorthand <<
(babel)             in language  on input line 288.
Package babel Info: Redefining spanish shorthand >>
(babel)             in language  on input line 288.
Package babel Info: Redefining spanish shorthand "=
(babel)             in language  on input line 288.
Package babel Info: Redefining spanish shorthand "~
(babel)             in language  on input line 288.
Package babel Info: Redefining spanish shorthand "!
(babel)             in language  on input line 288.
Package babel Info: Redefining spanish shorthand "?
(babel)             in language  on input line 288.
Package babel Info: Redefining spanish shorthand <<
(babel)             in language  on input line 288.
Package babel Info: Redefining spanish shorthand >>
(babel)             in language  on input line 288.
Package babel Info: Redefining spanish shorthand "=
(babel)             in language  on input line 288.
Package babel Info: Redefining spanish shorthand "~
(babel)             in language  on input line 288.
Package babel Info: Redefining spanish shorthand "!
(babel)             in language  on input line 288.
Package babel Info: Redefining spanish shorthand "?
(babel)             in language  on input line 288.
 [4]
File: peltier.jpg Graphic file (type jpg)

<use peltier.jpg>
Package pdftex.def Info: peltier.jpg used on input line 291.
(pdftex.def)             Requested size: 199.12683pt x 78.73402pt.
File: peltier.jpg Graphic file (type jpg)
 <use peltier.jpg>
Package pdftex.def Info: peltier.jpg used on input line 299.
(pdftex.def)             Requested size: 199.12683pt x 78.73402pt.
File: peltier.jpg Graphic file (type jpg)
 <use peltier.jpg>
Package pdftex.def Info: peltier.jpg used on input line 305.
(pdftex.def)             Requested size: 199.12683pt x 78.73402pt.

Underfull \vbox (badness 10000) has occurred while \output is active []

File: peltier.jpg Graphic file (type jpg)

<use peltier.jpg>
Package pdftex.def Info: peltier.jpg used on input line 311.
(pdftex.def)             Requested size: 199.12683pt x 78.73402pt.


LaTeX Warning: Reference `eq:transferenciar' on page 5 undefined on input line 
318.


LaTeX Warning: Reference `eq:merito' on page 5 undefined on input line 318.


LaTeX Warning: Reference `eq:wr' on page 5 undefined on input line 318.


LaTeX Warning: Reference `eq:wa' on page 5 undefined on input line 318.

Package babel Info: Redefining spanish shorthand <<
(babel)             in language  on input line 322.
Package babel Info: Redefining spanish shorthand >>
(babel)             in language  on input line 322.
Package babel Info: Redefining spanish shorthand "=
(babel)             in language  on input line 322.
Package babel Info: Redefining spanish shorthand "~
(babel)             in language  on input line 322.
Package babel Info: Redefining spanish shorthand "!
(babel)             in language  on input line 322.
Package babel Info: Redefining spanish shorthand "?
(babel)             in language  on input line 322.

Underfull \hbox (badness 10000) in paragraph at lines 324--325

 []

Package babel Info: Redefining spanish shorthand <<
(babel)             in language  on input line 325.
Package babel Info: Redefining spanish shorthand >>
(babel)             in language  on input line 325.
Package babel Info: Redefining spanish shorthand "=
(babel)             in language  on input line 325.
Package babel Info: Redefining spanish shorthand "~
(babel)             in language  on input line 325.
Package babel Info: Redefining spanish shorthand "!
(babel)             in language  on input line 325.
Package babel Info: Redefining spanish shorthand "?
(babel)             in language  on input line 325.
Package babel Info: Redefining spanish shorthand <<
(babel)             in language  on input line 325.
Package babel Info: Redefining spanish shorthand >>
(babel)             in language  on input line 325.
Package babel Info: Redefining spanish shorthand "=
(babel)             in language  on input line 325.
Package babel Info: Redefining spanish shorthand "~
(babel)             in language  on input line 325.
Package babel Info: Redefining spanish shorthand "!
(babel)             in language  on input line 325.
Package babel Info: Redefining spanish shorthand "?
(babel)             in language  on input line 325.
[5]
Underfull \hbox (badness 2837) in paragraph at lines 326--327
[]\T1/lmr/m/n/10 (+20) Sobre la fre-cuen-cia de an-ti-rre-so-nan-cia
 []


Underfull \hbox (badness 10000) in paragraph at lines 326--327

 []

Package babel Info: Redefining spanish shorthand <<
(babel)             in language  on input line 334.
Package babel Info: Redefining spanish shorthand >>
(babel)             in language  on input line 334.
Package babel Info: Redefining spanish shorthand "=
(babel)             in language  on input line 334.
Package babel Info: Redefining spanish shorthand "~
(babel)             in language  on input line 334.
Package babel Info: Redefining spanish shorthand "!
(babel)             in language  on input line 334.
Package babel Info: Redefining spanish shorthand "?
(babel)             in language  on input line 334.

Overfull \hbox (103.89102pt too wide) in paragraph at lines 338--339
[]\T1/lmr/m/n/10 (-20) http://materias.df.uba.ar/labo4Ba2016c1/files/2014/03/Pi
ezo.pdf 
 []

Package atveryend Info: Empty hook `BeforeClearDocument' on input line 345.
Package babel Info: Redefining spanish shorthand <<
(babel)             in language  on input line 345.
Package babel Info: Redefining spanish shorthand >>
(babel)             in language  on input line 345.
Package babel Info: Redefining spanish shorthand "=
(babel)             in language  on input line 345.
Package babel Info: Redefining spanish shorthand "~
(babel)             in language  on input line 345.
Package babel Info: Redefining spanish shorthand "!
(babel)             in language  on input line 345.
Package babel Info: Redefining spanish shorthand "?
(babel)             in language  on input line 345.
Package babel Info: Redefining spanish shorthand <<
(babel)             in language  on input line 345.
Package babel Info: Redefining spanish shorthand >>
(babel)             in language  on input line 345.
Package babel Info: Redefining spanish shorthand "=
(babel)             in language  on input line 345.
Package babel Info: Redefining spanish shorthand "~
(babel)             in language  on input line 345.
Package babel Info: Redefining spanish shorthand "!
(babel)             in language  on input line 345.
Package babel Info: Redefining spanish shorthand "?
(babel)             in language  on input line 345.
[6]
Package atveryend Info: Empty hook `AfterLastShipout' on input line 345.
 (./informePE.aux
LaTeX Info: Redefining \. on input line 23.
LaTeX Info: Redefining \% on input line 23.
)
Package atveryend Info: Executing hook `AtVeryEndDocument' on input line 345.
Package atveryend Info: Executing hook `AtEndAfterFileList' on input line 345.
Package rerunfilecheck Info: File `informePE.out' has not changed.
(rerunfilecheck)             Checksum: D9C31AA40CB0712A4B0B043143BC2123;526.


LaTeX Warning: There were undefined references.

Package atveryend Info: Empty hook `AtVeryVeryEnd' on input line 345.
 ) 
Here is how much of TeX's memory you used:
 16718 strings out of 493117
 282732 string characters out of 6135433
 412667 words of memory out of 5000000
 19805 multiletter control sequences out of 15000+600000
 72373 words of font info for 112 fonts, out of 8000000 for 9000
 1141 hyphenation exceptions out of 8191
 53i,10n,92p,10326b,404s stack positions out of 5000i,500n,10000p,200000b,80000s
{/usr/local/texlive/2014/texmf-dist/fonts/enc/dvips/lm/lm-ec.enc}{/usr/local/
texlive/2014/texmf-dist/fonts/enc/dvips/lm/lm-mathsy.enc}{/usr/local/texlive/20
14/texmf-dist/fonts/enc/dvips/lm/lm-rm.enc}{/usr/local/texlive/2014/texmf-dist/
fonts/enc/dvips/lm/lm-mathit.enc}</usr/local/texlive/2014/texmf-dist/fonts/type
1/public/lm/lmbx10.pfb></usr/local/texlive/2014/texmf-dist/fonts/type1/public/l
m/lmbx12.pfb></usr/local/texlive/2014/texmf-dist/fonts/type1/public/lm/lmbx9.pf
b></usr/local/texlive/2014/texmf-dist/fonts/type1/public/lm/lmcsc10.pfb></usr/l
ocal/texlive/2014/texmf-dist/fonts/type1/public/lm/lmmi10.pfb></usr/local/texli
ve/2014/texmf-dist/fonts/type1/public/lm/lmmi7.pfb></usr/local/texlive/2014/tex
mf-dist/fonts/type1/public/lm/lmmi9.pfb></usr/local/texlive/2014/texmf-dist/fon
ts/type1/public/lm/lmr10.pfb></usr/local/texlive/2014/texmf-dist/fonts/type1/pu
blic/lm/lmr12.pfb></usr/local/texlive/2014/texmf-dist/fonts/type1/public/lm/lmr
7.pfb></usr/local/texlive/2014/texmf-dist/fonts/type1/public/lm/lmr9.pfb></usr/
local/texlive/2014/texmf-dist/fonts/type1/public/lm/lmri10.pfb></usr/local/texl
ive/2014/texmf-dist/fonts/type1/public/lm/lmsy10.pfb></usr/local/texlive/2014/t
exmf-dist/fonts/type1/public/lm/lmsy7.pfb>
Output written on informePE.pdf (6 pages, 1286974 bytes).
PDF statistics:
 183 PDF objects out of 1000 (max. 8388607)
 156 compressed objects within 2 object streams
 38 named destinations out of 1000 (max. 500000)
 23640 words of extra memory for PDF output out of 24883 (max. 10000000)

